<?xml version="1.0" encoding="utf-8"?>
<CoverageSession xmlns:xsd="http://www.w3.org/2001/XMLSchema" xmlns:xsi="http://www.w3.org/2001/XMLSchema-instance" Version="0.0.0.0">
  <Summary numSequencePoints="41" visitedSequencePoints="41" numBranchPoints="0" visitedBranchPoints="0" sequenceCoverage="100.0" branchCoverage="0.0" maxCyclomaticComplexity="0" minCyclomaticComplexity="0" maxCrapScore="0" minCrapScore="0" visitedClasses="3" numClasses="3" visitedMethods="11" numMethods="11" />
  <Modules>
    <Module>
      <Summary numSequencePoints="41" visitedSequencePoints="41" numBranchPoints="0" visitedBranchPoints="0" sequenceCoverage="100.0" branchCoverage="0.0" maxCyclomaticComplexity="0" minCyclomaticComplexity="0" maxCrapScore="0" minCrapScore="0" visitedClasses="3" numClasses="3" visitedMethods="11" numMethods="11" />
      <ModuleTime>0001-01-01T00:00:00</ModuleTime>
      <ModuleName>Tests</ModuleName>
      <Files>
        <File uid="1" fullPath="C:/Users/johan/Documents/Unity-Template/iaAM_GamificationPlattform/Assets/Tests/MsgHandlerTests.cs" />
      </Files>
      <Classes>
        <Class>
          <Summary numSequencePoints="8" visitedSequencePoints="8" numBranchPoints="0" visitedBranchPoints="0" sequenceCoverage="100.0" branchCoverage="0.0" maxCyclomaticComplexity="0" minCyclomaticComplexity="0" maxCrapScore="0" minCrapScore="0" visitedClasses="1" numClasses="1" visitedMethods="5" numMethods="5" />
          <FullName>MockObserver</FullName>
          <Methods>
            <Method visited="true" cyclomaticComplexity="0" nPathComplexity="0" sequenceCoverage="100.0" branchCoverage="0" crapScore="0" isConstructor="false" isStatic="false" isGetter="true" isSetter="false">
              <Summary numSequencePoints="1" visitedSequencePoints="1" numBranchPoints="0" visitedBranchPoints="0" sequenceCoverage="100.0" branchCoverage="0" maxCyclomaticComplexity="0" minCyclomaticComplexity="0" maxCrapScore="0" minCrapScore="0" visitedClasses="0" numClasses="0" visitedMethods="1" numMethods="1" />
              <MetadataToken>100663297</MetadataToken>
              <Name>System.String MockObserver::get_LastEventType()</Name>
              <FileRef uid="1" />
              <SequencePoints>
                <SequencePoint vc="2" uspid="42" ordinal="0" offset="0" sl="10" sc="35" el="10" ec="35" bec="0" bev="0" fileid="1" />
              </SequencePoints>
              <BranchPoints />
            </Method>
            <Method visited="true" cyclomaticComplexity="0" nPathComplexity="0" sequenceCoverage="100.0" branchCoverage="0" crapScore="0" isConstructor="false" isStatic="false" isGetter="false" isSetter="true">
              <Summary numSequencePoints="1" visitedSequencePoints="1" numBranchPoints="0" visitedBranchPoints="0" sequenceCoverage="100.0" branchCoverage="0" maxCyclomaticComplexity="0" minCyclomaticComplexity="0" maxCrapScore="0" minCrapScore="0" visitedClasses="0" numClasses="0" visitedMethods="1" numMethods="1" />
              <MetadataToken>100663298</MetadataToken>
              <Name>System.Void MockObserver::set_LastEventType(System.String)</Name>
              <FileRef uid="1" />
              <SequencePoints>
                <SequencePoint vc="2" uspid="43" ordinal="0" offset="0" sl="10" sc="40" el="10" ec="40" bec="0" bev="0" fileid="1" />
              </SequencePoints>
              <BranchPoints />
            </Method>
            <Method visited="true" cyclomaticComplexity="0" nPathComplexity="0" sequenceCoverage="100.0" branchCoverage="0" crapScore="0" isConstructor="false" isStatic="false" isGetter="true" isSetter="false">
              <Summary numSequencePoints="1" visitedSequencePoints="1" numBranchPoints="0" visitedBranchPoints="0" sequenceCoverage="100.0" branchCoverage="0" maxCyclomaticComplexity="0" minCyclomaticComplexity="0" maxCrapScore="0" minCrapScore="0" visitedClasses="0" numClasses="0" visitedMethods="1" numMethods="1" />
              <MetadataToken>100663299</MetadataToken>
              <Name>System.Object MockObserver::get_LastData()</Name>
              <FileRef uid="1" />
              <SequencePoints>
                <SequencePoint vc="2" uspid="44" ordinal="0" offset="0" sl="11" sc="30" el="11" ec="30" bec="0" bev="0" fileid="1" />
              </SequencePoints>
              <BranchPoints />
            </Method>
            <Method visited="true" cyclomaticComplexity="0" nPathComplexity="0" sequenceCoverage="100.0" branchCoverage="0" crapScore="0" isConstructor="false" isStatic="false" isGetter="false" isSetter="true">
              <Summary numSequencePoints="1" visitedSequencePoints="1" numBranchPoints="0" visitedBranchPoints="0" sequenceCoverage="100.0" branchCoverage="0" maxCyclomaticComplexity="0" minCyclomaticComplexity="0" maxCrapScore="0" minCrapScore="0" visitedClasses="0" numClasses="0" visitedMethods="1" numMethods="1" />
              <MetadataToken>100663300</MetadataToken>
              <Name>System.Void MockObserver::set_LastData(System.Object)</Name>
              <FileRef uid="1" />
              <SequencePoints>
                <SequencePoint vc="2" uspid="45" ordinal="0" offset="0" sl="11" sc="35" el="11" ec="35" bec="0" bev="0" fileid="1" />
              </SequencePoints>
              <BranchPoints />
            </Method>
            <Method visited="true" cyclomaticComplexity="0" nPathComplexity="0" sequenceCoverage="100.0" branchCoverage="0" crapScore="0" isConstructor="false" isStatic="false" isGetter="false" isSetter="false">
              <Summary numSequencePoints="4" visitedSequencePoints="4" numBranchPoints="0" visitedBranchPoints="0" sequenceCoverage="100.0" branchCoverage="0" maxCyclomaticComplexity="0" minCyclomaticComplexity="0" maxCrapScore="0" minCrapScore="0" visitedClasses="0" numClasses="0" visitedMethods="1" numMethods="1" />
              <MetadataToken>100663301</MetadataToken>
              <Name>System.Void MockObserver::OnNotify(System.String, System.Object)</Name>
              <FileRef uid="1" />
              <SequencePoints>
                <SequencePoint vc="2" uspid="46" ordinal="0" offset="0" sl="14" sc="5" el="14" ec="5" bec="0" bev="0" fileid="1" />
                <SequencePoint vc="2" uspid="47" ordinal="0" offset="1" sl="15" sc="9" el="15" ec="9" bec="0" bev="0" fileid="1" />
                <SequencePoint vc="2" uspid="48" ordinal="0" offset="9" sl="16" sc="9" el="16" ec="9" bec="0" bev="0" fileid="1" />
                <SequencePoint vc="2" uspid="49" ordinal="0" offset="17" sl="17" sc="5" el="17" ec="5" bec="0" bev="0" fileid="1" />
              </SequencePoints>
              <BranchPoints />
            </Method>
          </Methods>
        </Class>
        <Class>
          <Summary numSequencePoints="32" visitedSequencePoints="32" numBranchPoints="0" visitedBranchPoints="0" sequenceCoverage="100.0" branchCoverage="0.0" maxCyclomaticComplexity="0" minCyclomaticComplexity="0" maxCrapScore="0" minCrapScore="0" visitedClasses="1" numClasses="1" visitedMethods="5" numMethods="5" />
          <FullName>MsgHandlerTests</FullName>
          <Methods>
            <Method visited="true" cyclomaticComplexity="0" nPathComplexity="0" sequenceCoverage="100.0" branchCoverage="0" crapScore="0" isConstructor="false" isStatic="false" isGetter="false" isSetter="false">
              <Summary numSequencePoints="11" visitedSequencePoints="11" numBranchPoints="0" visitedBranchPoints="0" sequenceCoverage="100.0" branchCoverage="0" maxCyclomaticComplexity="0" minCyclomaticComplexity="0" maxCrapScore="0" minCrapScore="0" visitedClasses="0" numClasses="0" visitedMethods="1" numMethods="1" />
              <MetadataToken>100663303</MetadataToken>
              <Name>System.Void MsgHandlerTests::SetUp()</Name>
              <FileRef uid="1" />
              <SequencePoints>
                <SequencePoint vc="3" uspid="50" ordinal="0" offset="0" sl="29" sc="5" el="29" ec="5" bec="0" bev="0" fileid="1" />
                <SequencePoint vc="3" uspid="51" ordinal="0" offset="1" sl="30" sc="9" el="30" ec="9" bec="0" bev="0" fileid="1" />
                <SequencePoint vc="3" uspid="52" ordinal="0" offset="7" sl="31" sc="9" el="31" ec="9" bec="0" bev="0" fileid="1" />
                <SequencePoint vc="3" uspid="53" ordinal="0" offset="19" sl="32" sc="9" el="32" ec="9" bec="0" bev="0" fileid="1" />
                <SequencePoint vc="3" uspid="54" ordinal="0" offset="31" sl="33" sc="9" el="33" ec="9" bec="0" bev="0" fileid="1" />
                <SequencePoint vc="3" uspid="55" ordinal="0" offset="48" sl="34" sc="9" el="34" ec="9" bec="0" bev="0" fileid="1" />
                <SequencePoint vc="3" uspid="56" ordinal="0" offset="59" sl="35" sc="9" el="35" ec="9" bec="0" bev="0" fileid="1" />
                <SequencePoint vc="3" uspid="57" ordinal="0" offset="82" sl="37" sc="9" el="37" ec="9" bec="0" bev="0" fileid="1" />
                <SequencePoint vc="3" uspid="58" ordinal="0" offset="98" sl="38" sc="9" el="38" ec="9" bec="0" bev="0" fileid="1" />
                <SequencePoint vc="3" uspid="59" ordinal="0" offset="114" sl="39" sc="9" el="39" ec="9" bec="0" bev="0" fileid="1" />
                <SequencePoint vc="3" uspid="60" ordinal="0" offset="130" sl="40" sc="5" el="40" ec="5" bec="0" bev="0" fileid="1" />
              </SequencePoints>
              <BranchPoints />
            </Method>
            <Method visited="true" cyclomaticComplexity="0" nPathComplexity="0" sequenceCoverage="100.0" branchCoverage="0" crapScore="0" isConstructor="false" isStatic="false" isGetter="false" isSetter="false">
              <Summary numSequencePoints="3" visitedSequencePoints="3" numBranchPoints="0" visitedBranchPoints="0" sequenceCoverage="100.0" branchCoverage="0" maxCyclomaticComplexity="0" minCyclomaticComplexity="0" maxCrapScore="0" minCrapScore="0" visitedClasses="0" numClasses="0" visitedMethods="1" numMethods="1" />
              <MetadataToken>100663304</MetadataToken>
              <Name>System.Void MsgHandlerTests::TearDown()</Name>
              <FileRef uid="1" />
              <SequencePoints>
                <SequencePoint vc="3" uspid="61" ordinal="0" offset="0" sl="44" sc="5" el="44" ec="5" bec="0" bev="0" fileid="1" />
                <SequencePoint vc="3" uspid="62" ordinal="0" offset="1" sl="45" sc="9" el="45" ec="9" bec="0" bev="0" fileid="1" />
                <SequencePoint vc="3" uspid="63" ordinal="0" offset="18" sl="46" sc="5" el="46" ec="5" bec="0" bev="0" fileid="1" />
              </SequencePoints>
              <BranchPoints />
            </Method>
            <Method visited="true" cyclomaticComplexity="0" nPathComplexity="0" sequenceCoverage="100.0" branchCoverage="0" crapScore="0" isConstructor="false" isStatic="false" isGetter="false" isSetter="false">
              <Summary numSequencePoints="7" visitedSequencePoints="7" numBranchPoints="0" visitedBranchPoints="0" sequenceCoverage="100.0" branchCoverage="0" maxCyclomaticComplexity="0" minCyclomaticComplexity="0" maxCrapScore="0" minCrapScore="0" visitedClasses="0" numClasses="0" visitedMethods="1" numMethods="1" />
              <MetadataToken>100663305</MetadataToken>
              <Name>System.Void MsgHandlerTests::RegisterObserver_ObserverGetsRegistered()</Name>
              <FileRef uid="1" />
              <SequencePoints>
                <SequencePoint vc="1" uspid="64" ordinal="0" offset="0" sl="50" sc="5" el="50" ec="5" bec="0" bev="0" fileid="1" />
                <SequencePoint vc="1" uspid="65" ordinal="0" offset="1" sl="51" sc="9" el="51" ec="9" bec="0" bev="0" fileid="1" />
                <SequencePoint vc="1" uspid="66" ordinal="0" offset="7" sl="52" sc="9" el="52" ec="9" bec="0" bev="0" fileid="1" />
                <SequencePoint vc="1" uspid="67" ordinal="0" offset="25" sl="53" sc="9" el="53" ec="9" bec="0" bev="0" fileid="1" />
                <SequencePoint vc="1" uspid="68" ordinal="0" offset="47" sl="55" sc="9" el="55" ec="9" bec="0" bev="0" fileid="1" />
                <SequencePoint vc="1" uspid="69" ordinal="0" offset="64" sl="56" sc="9" el="56" ec="9" bec="0" bev="0" fileid="1" />
                <SequencePoint vc="1" uspid="70" ordinal="0" offset="81" sl="57" sc="5" el="57" ec="5" bec="0" bev="0" fileid="1" />
              </SequencePoints>
              <BranchPoints />
            </Method>
            <Method visited="true" cyclomaticComplexity="0" nPathComplexity="0" sequenceCoverage="100.0" branchCoverage="0" crapScore="0" isConstructor="false" isStatic="false" isGetter="false" isSetter="false">
              <Summary numSequencePoints="6" visitedSequencePoints="6" numBranchPoints="0" visitedBranchPoints="0" sequenceCoverage="100.0" branchCoverage="0" maxCyclomaticComplexity="0" minCyclomaticComplexity="0" maxCrapScore="0" minCrapScore="0" visitedClasses="0" numClasses="0" visitedMethods="1" numMethods="1" />
              <MetadataToken>100663306</MetadataToken>
              <Name>System.Void MsgHandlerTests::RemoveObserver_ObserverGetsRemoved()</Name>
              <FileRef uid="1" />
              <SequencePoints>
                <SequencePoint vc="1" uspid="71" ordinal="0" offset="0" sl="61" sc="5" el="61" ec="5" bec="0" bev="0" fileid="1" />
                <SequencePoint vc="1" uspid="72" ordinal="0" offset="1" sl="62" sc="9" el="62" ec="9" bec="0" bev="0" fileid="1" />
                <SequencePoint vc="1" uspid="73" ordinal="0" offset="24" sl="63" sc="9" el="63" ec="9" bec="0" bev="0" fileid="1" />
                <SequencePoint vc="1" uspid="74" ordinal="0" offset="46" sl="65" sc="9" el="65" ec="9" bec="0" bev="0" fileid="1" />
                <SequencePoint vc="1" uspid="75" ordinal="0" offset="63" sl="66" sc="9" el="66" ec="9" bec="0" bev="0" fileid="1" />
                <SequencePoint vc="1" uspid="76" ordinal="0" offset="80" sl="67" sc="5" el="67" ec="5" bec="0" bev="0" fileid="1" />
              </SequencePoints>
              <BranchPoints />
            </Method>
            <Method visited="true" cyclomaticComplexity="0" nPathComplexity="0" sequenceCoverage="100.0" branchCoverage="0" crapScore="0" isConstructor="false" isStatic="false" isGetter="false" isSetter="false">
              <Summary numSequencePoints="5" visitedSequencePoints="5" numBranchPoints="0" visitedBranchPoints="0" sequenceCoverage="100.0" branchCoverage="0" maxCyclomaticComplexity="0" minCyclomaticComplexity="0" maxCrapScore="0" minCrapScore="0" visitedClasses="0" numClasses="0" visitedMethods="1" numMethods="1" />
              <MetadataToken>100663307</MetadataToken>
              <Name>System.Void MsgHandlerTests::OnMessageArrived_HandlesNullObserver()</Name>
              <FileRef uid="1" />
              <SequencePoints>
                <SequencePoint vc="1" uspid="77" ordinal="0" offset="13" sl="71" sc="5" el="71" ec="5" bec="0" bev="0" fileid="1" />
                <SequencePoint vc="1" uspid="78" ordinal="0" offset="14" sl="72" sc="9" el="72" ec="9" bec="0" bev="0" fileid="1" />
                <SequencePoint vc="1" uspid="79" ordinal="0" offset="32" sl="73" sc="9" el="73" ec="9" bec="0" bev="0" fileid="1" />
                <SequencePoint vc="1" uspid="80" ordinal="0" offset="53" sl="76" sc="9" el="76" ec="9" bec="0" bev="0" fileid="1" />
                <SequencePoint vc="1" uspid="81" ordinal="0" offset="71" sl="77" sc="5" el="77" ec="5" bec="0" bev="0" fileid="1" />
              </SequencePoints>
              <BranchPoints />
            </Method>
          </Methods>
        </Class>
        <Class>
          <Summary numSequencePoints="1" visitedSequencePoints="1" numBranchPoints="0" visitedBranchPoints="0" sequenceCoverage="100.0" branchCoverage="0.0" maxCyclomaticComplexity="0" minCyclomaticComplexity="0" maxCrapScore="0" minCrapScore="0" visitedClasses="1" numClasses="1" visitedMethods="1" numMethods="1" />
          <FullName>MsgHandlerTests/&lt;&gt;c__DisplayClass7_0</FullName>
          <Methods>
            <Method visited="true" cyclomaticComplexity="0" nPathComplexity="0" sequenceCoverage="100.0" branchCoverage="0" crapScore="0" isConstructor="false" isStatic="false" isGetter="false" isSetter="false">
              <Summary numSequencePoints="1" visitedSequencePoints="1" numBranchPoints="0" visitedBranchPoints="0" sequenceCoverage="100.0" branchCoverage="0" maxCyclomaticComplexity="0" minCyclomaticComplexity="0" maxCrapScore="0" minCrapScore="0" visitedClasses="0" numClasses="0" visitedMethods="1" numMethods="1" />
              <MetadataToken>100663312</MetadataToken>
              <Name>System.Void MsgHandlerTests/&lt;&gt;c__DisplayClass7_0::&lt;OnMessageArrived_HandlesNullObserver&gt;b__0()</Name>
              <FileRef uid="1" />
              <SequencePoints>
                <SequencePoint vc="1" uspid="82" ordinal="0" offset="0" sl="76" sc="35" el="76" ec="35" bec="0" bev="0" fileid="1" />
              </SequencePoints>
              <BranchPoints />
            </Method>
          </Methods>
        </Class>
      </Classes>
    </Module>
  </Modules>
</CoverageSession>